<?xml version="1.0" encoding="UTF-8"?>
<testng-results ignored="0" total="1" passed="1" failed="0" skipped="0">
  <reporter-output>
    <line>
      <![CDATA[Get SuiteConnections Done Sucessful]]>
    </line>
    <line>
      <![CDATA[Precondition Done Sucessful]]>
    </line>
    <line>
      <![CDATA[BrowserSetup :chromeSucessful]]>
    </line>
    <line>
      <![CDATA[login Sucessful]]>
    </line>
    <line>
      <![CDATA[register with valid data success]]>
    </line>
    <line>
      <![CDATA[Logout Sucessful]]>
    </line>
    <line>
      <![CDATA[Closebrowser Sucessful]]>
    </line>
    <line>
      <![CDATA[postcondition Done Sucessful]]>
    </line>
    <line>
      <![CDATA[Terminate Suiteconnection Done Sucessful]]>
    </line>
  </reporter-output>
  <suite started-at="2024-09-03T15:41:47 IST" name="FunctionlityTestSuite" finished-at="2024-09-03T15:42:02 IST" duration-ms="15252">
    <groups>
    </groups>
    <test started-at="2024-09-03T15:41:47 IST" name="Test" finished-at="2024-09-03T15:42:02 IST" duration-ms="15252">
      <class name="com.myntrajio.RegisterTest.RegisterTest">
        <test-method is-config="true" signature="getSuiteConnections()[pri:0, instance:com.myntrajio.RegisterTest.RegisterTest@2e385cce]" started-at="2024-09-03T15:41:47 IST" name="getSuiteConnections" finished-at="2024-09-03T15:41:47 IST" duration-ms="8" status="PASS">
          <reporter-output>
            <line>
              <![CDATA[Get SuiteConnections Done Sucessful]]>
            </line>
          </reporter-output>
        </test-method> <!-- getSuiteConnections -->
        <test-method is-config="true" signature="precondition()[pri:0, instance:com.myntrajio.RegisterTest.RegisterTest@2e385cce]" started-at="2024-09-03T15:41:47 IST" name="precondition" finished-at="2024-09-03T15:41:47 IST" duration-ms="2" status="PASS">
          <reporter-output>
            <line>
              <![CDATA[Precondition Done Sucessful]]>
            </line>
          </reporter-output>
        </test-method> <!-- precondition -->
        <test-method is-config="true" signature="browserSetup(java.lang.String)[pri:0, instance:com.myntrajio.RegisterTest.RegisterTest@2e385cce]" started-at="2024-09-03T15:41:47 IST" name="browserSetup" finished-at="2024-09-03T15:41:53 IST" duration-ms="5266" status="PASS">
          <params>
            <param index="0">
              <value>
                <![CDATA[chrome]]>
              </value>
            </param>
          </params>
          <reporter-output>
            <line>
              <![CDATA[BrowserSetup :chromeSucessful]]>
            </line>
          </reporter-output>
        </test-method> <!-- browserSetup -->
        <test-method is-config="true" signature="login()[pri:0, instance:com.myntrajio.RegisterTest.RegisterTest@2e385cce]" started-at="2024-09-03T15:41:53 IST" name="login" finished-at="2024-09-03T15:41:53 IST" duration-ms="2" status="PASS">
          <reporter-output>
            <line>
              <![CDATA[login Sucessful]]>
            </line>
          </reporter-output>
        </test-method> <!-- login -->
        <test-method signature="registerValidData()[pri:0, instance:com.myntrajio.RegisterTest.RegisterTest@2e385cce]" started-at="2024-09-03T15:41:53 IST" name="registerValidData" finished-at="2024-09-03T15:42:02 IST" duration-ms="9733" status="PASS">
          <reporter-output>
            <line>
              <![CDATA[register with valid data success]]>
            </line>
          </reporter-output>
        </test-method> <!-- registerValidData -->
        <test-method is-config="true" signature="Logout()[pri:0, instance:com.myntrajio.RegisterTest.RegisterTest@2e385cce]" started-at="2024-09-03T15:42:02 IST" name="Logout" finished-at="2024-09-03T15:42:02 IST" duration-ms="1" status="PASS">
          <reporter-output>
            <line>
              <![CDATA[Logout Sucessful]]>
            </line>
          </reporter-output>
        </test-method> <!-- Logout -->
        <test-method is-config="true" signature="closebrowser()[pri:0, instance:com.myntrajio.RegisterTest.RegisterTest@2e385cce]" started-at="2024-09-03T15:42:02 IST" name="closebrowser" finished-at="2024-09-03T15:42:02 IST" duration-ms="201" status="PASS">
          <reporter-output>
            <line>
              <![CDATA[Closebrowser Sucessful]]>
            </line>
          </reporter-output>
        </test-method> <!-- closebrowser -->
        <test-method is-config="true" signature="postcondition()[pri:0, instance:com.myntrajio.RegisterTest.RegisterTest@2e385cce]" started-at="2024-09-03T15:42:02 IST" name="postcondition" finished-at="2024-09-03T15:42:02 IST" duration-ms="1" status="PASS">
          <reporter-output>
            <line>
              <![CDATA[postcondition Done Sucessful]]>
            </line>
          </reporter-output>
        </test-method> <!-- postcondition -->
        <test-method is-config="true" signature="terminateSuiteconnection()[pri:0, instance:com.myntrajio.RegisterTest.RegisterTest@2e385cce]" started-at="2024-09-03T15:42:03 IST" name="terminateSuiteconnection" finished-at="2024-09-03T15:42:03 IST" duration-ms="1" status="PASS">
          <reporter-output>
            <line>
              <![CDATA[Terminate Suiteconnection Done Sucessful]]>
            </line>
          </reporter-output>
        </test-method> <!-- terminateSuiteconnection -->
      </class> <!-- com.myntrajio.RegisterTest.RegisterTest -->
    </test> <!-- Test -->
  </suite> <!-- FunctionlityTestSuite -->
</testng-results>
